c:\users\yorke\source\repos\chatserver\chatserver\chatserver\x64\debug\chatserver.pch
c:\users\yorke\source\repos\chatserver\chatserver\chatserver\x64\debug\vc141.pdb
c:\users\yorke\source\repos\chatserver\chatserver\chatserver\x64\debug\vc141.idb
c:\users\yorke\source\repos\chatserver\chatserver\chatserver\x64\debug\stdafx.obj
c:\users\yorke\source\repos\chatserver\chatserver\chatserver\x64\debug\server.obj
c:\users\yorke\source\repos\chatserver\chatserver\chatserver\x64\debug\maindialog.obj
c:\users\yorke\source\repos\chatserver\chatserver\chatserver\x64\debug\database.obj
c:\users\yorke\source\repos\chatserver\chatserver\chatserver\x64\debug\chatserver.obj
c:\users\yorke\source\repos\chatserver\chatserver\chatserver\x64\debug\aboutdialog.obj
c:\users\yorke\source\repos\chatserver\chatserver\x64\debug\chatserver.ilk
c:\users\yorke\source\repos\chatserver\chatserver\x64\debug\chatserver.exe
c:\users\yorke\source\repos\chatserver\chatserver\x64\debug\chatserver.pdb
c:\users\yorke\source\repos\chatserver\chatserver\chatserver\x64\debug\chatserver.res
c:\users\yorke\source\repos\chatserver\chatserver\chatserver\x64\debug\chatserver.tlog\cl.command.1.tlog
c:\users\yorke\source\repos\chatserver\chatserver\chatserver\x64\debug\chatserver.tlog\cl.read.1.tlog
c:\users\yorke\source\repos\chatserver\chatserver\chatserver\x64\debug\chatserver.tlog\cl.write.1.tlog
c:\users\yorke\source\repos\chatserver\chatserver\chatserver\x64\debug\chatserver.tlog\link.command.1.tlog
c:\users\yorke\source\repos\chatserver\chatserver\chatserver\x64\debug\chatserver.tlog\link.read.1.tlog
c:\users\yorke\source\repos\chatserver\chatserver\chatserver\x64\debug\chatserver.tlog\link.write.1.tlog
c:\users\yorke\source\repos\chatserver\chatserver\chatserver\x64\debug\chatserver.tlog\rc.command.1.tlog
c:\users\yorke\source\repos\chatserver\chatserver\chatserver\x64\debug\chatserver.tlog\rc.read.1.tlog
c:\users\yorke\source\repos\chatserver\chatserver\chatserver\x64\debug\chatserver.tlog\rc.write.1.tlog
