c:\users\yorke\source\repos\temporary chat server\chatserver\x64\release\chatserver.ipdb
c:\users\yorke\source\repos\temporary chat server\chatserver\x64\release\chatserver.iobj
c:\users\yorke\source\repos\temporary chat server\chatserver\chatserver\x64\release\chatserver.pch
c:\users\yorke\source\repos\temporary chat server\chatserver\chatserver\x64\release\vc141.pdb
c:\users\yorke\source\repos\temporary chat server\chatserver\chatserver\x64\release\stdafx.obj
c:\users\yorke\source\repos\temporary chat server\chatserver\chatserver\x64\release\server.obj
c:\users\yorke\source\repos\temporary chat server\chatserver\chatserver\x64\release\maindialog.obj
c:\users\yorke\source\repos\temporary chat server\chatserver\chatserver\x64\release\database.obj
c:\users\yorke\source\repos\temporary chat server\chatserver\chatserver\x64\release\chatserver.obj
c:\users\yorke\source\repos\temporary chat server\chatserver\chatserver\x64\release\aboutdialog.obj
c:\users\yorke\source\repos\temporary chat server\chatserver\x64\release\chatserver.exe
c:\users\yorke\source\repos\temporary chat server\chatserver\x64\release\chatserver.pdb
c:\users\yorke\source\repos\temporary chat server\chatserver\chatserver\x64\release\chatserver.res
c:\users\yorke\source\repos\chatserver\chatserver\chatserver\x64\release\aboutdialog.obj
c:\users\yorke\source\repos\chatserver\chatserver\chatserver\x64\release\chatserver.obj
c:\users\yorke\source\repos\chatserver\chatserver\chatserver\x64\release\database.obj
c:\users\yorke\source\repos\chatserver\chatserver\chatserver\x64\release\maindialog.obj
c:\users\yorke\source\repos\chatserver\chatserver\chatserver\x64\release\server.obj
c:\users\yorke\source\repos\chatserver\chatserver\chatserver\x64\release\stdafx.obj
c:\users\yorke\source\repos\chatserver\chatserver\chatserver\x64\release\chatserver.res
c:\users\yorke\source\repos\chatserver\chatserver\chatserver\x64\release\chatserver.pch
c:\users\yorke\source\repos\chatserver\chatserver\chatserver\x64\release\vc141.pdb
c:\users\yorke\source\repos\chatserver\chatserver\x64\release\chatserver.pdb
c:\users\yorke\source\repos\chatserver\chatserver\x64\release\chatserver.exe
c:\users\yorke\source\repos\chatserver\chatserver\chatserver\x64\release\chatserver.tlog\chatserver.write.1u.tlog
c:\users\yorke\source\repos\chatserver\chatserver\chatserver\x64\release\chatserver.tlog\cl.command.1.tlog
c:\users\yorke\source\repos\chatserver\chatserver\chatserver\x64\release\chatserver.tlog\cl.read.1.tlog
c:\users\yorke\source\repos\chatserver\chatserver\chatserver\x64\release\chatserver.tlog\cl.write.1.tlog
c:\users\yorke\source\repos\chatserver\chatserver\chatserver\x64\release\chatserver.tlog\link.command.1.tlog
c:\users\yorke\source\repos\chatserver\chatserver\chatserver\x64\release\chatserver.tlog\link.read.1.tlog
c:\users\yorke\source\repos\chatserver\chatserver\chatserver\x64\release\chatserver.tlog\link.write.1.tlog
c:\users\yorke\source\repos\chatserver\chatserver\chatserver\x64\release\chatserver.tlog\rc.command.1.tlog
c:\users\yorke\source\repos\chatserver\chatserver\chatserver\x64\release\chatserver.tlog\rc.read.1.tlog
c:\users\yorke\source\repos\chatserver\chatserver\chatserver\x64\release\chatserver.tlog\rc.write.1.tlog
